{"/home/william/Documents/workspace/bootcamp-rocket-seat/projeto-go-barber-mobile/src/components/Button/index.tsx": {"path":"/home/william/Documents/workspace/bootcamp-rocket-seat/projeto-go-barber-mobile/src/components/Button/index.tsx","statementMap":{"0":{"start":{"line":10,"column":38},"end":{"line":16,"column":1}},"1":{"start":{"line":11,"column":2},"end":{"line":15,"column":4}}},"fnMap":{"0":{"name":"(anonymous_0)","decl":{"start":{"line":10,"column":38},"end":{"line":10,"column":39}},"loc":{"start":{"line":10,"column":65},"end":{"line":16,"column":1}},"line":10}},"branchMap":{},"s":{"0":1,"1":1},"f":{"0":1},"b":{},"_coverageSchema":"1a1c01bbd47fc00a2c39e90264f33305004495a9","hash":"ebe147438ee895bfc5a193ed77454c0b2fe1a190"}
,"/home/william/Documents/workspace/bootcamp-rocket-seat/projeto-go-barber-mobile/src/components/Input/index.tsx": {"path":"/home/william/Documents/workspace/bootcamp-rocket-seat/projeto-go-barber-mobile/src/components/Input/index.tsx","statementMap":{"0":{"start":{"line":28,"column":66},"end":{"line":82,"column":1}},"1":{"start":{"line":32,"column":36},"end":{"line":32,"column":51}},"2":{"start":{"line":33,"column":34},"end":{"line":33,"column":49}},"3":{"start":{"line":34,"column":65},"end":{"line":34,"column":79}},"4":{"start":{"line":35,"column":24},"end":{"line":35,"column":70}},"5":{"start":{"line":36,"column":26},"end":{"line":36,"column":43}},"6":{"start":{"line":38,"column":2},"end":{"line":42,"column":6}},"7":{"start":{"line":38,"column":34},"end":{"line":42,"column":3}},"8":{"start":{"line":40,"column":6},"end":{"line":40,"column":38}},"9":{"start":{"line":44,"column":27},"end":{"line":46,"column":8}},"10":{"start":{"line":45,"column":4},"end":{"line":45,"column":23}},"11":{"start":{"line":48,"column":26},"end":{"line":52,"column":8}},"12":{"start":{"line":49,"column":4},"end":{"line":49,"column":24}},"13":{"start":{"line":51,"column":4},"end":{"line":51,"column":47}},"14":{"start":{"line":54,"column":2},"end":{"line":60,"column":33}},"15":{"start":{"line":55,"column":4},"end":{"line":59,"column":7}},"16":{"start":{"line":62,"column":2},"end":{"line":81,"column":4}},"17":{"start":{"line":76,"column":10},"end":{"line":76,"column":46}}},"fnMap":{"0":{"name":"(anonymous_0)","decl":{"start":{"line":28,"column":66},"end":{"line":28,"column":67}},"loc":{"start":{"line":31,"column":5},"end":{"line":82,"column":1}},"line":31},"1":{"name":"(anonymous_1)","decl":{"start":{"line":38,"column":27},"end":{"line":38,"column":28}},"loc":{"start":{"line":38,"column":34},"end":{"line":42,"column":3}},"line":38},"2":{"name":"(anonymous_2)","decl":{"start":{"line":39,"column":4},"end":{"line":39,"column":5}},"loc":{"start":{"line":39,"column":12},"end":{"line":41,"column":5}},"line":39},"3":{"name":"(anonymous_3)","decl":{"start":{"line":44,"column":39},"end":{"line":44,"column":40}},"loc":{"start":{"line":44,"column":45},"end":{"line":46,"column":3}},"line":44},"4":{"name":"(anonymous_4)","decl":{"start":{"line":48,"column":38},"end":{"line":48,"column":39}},"loc":{"start":{"line":48,"column":44},"end":{"line":52,"column":3}},"line":48},"5":{"name":"(anonymous_5)","decl":{"start":{"line":54,"column":12},"end":{"line":54,"column":13}},"loc":{"start":{"line":54,"column":18},"end":{"line":60,"column":3}},"line":54},"6":{"name":"(anonymous_6)","decl":{"start":{"line":75,"column":22},"end":{"line":75,"column":23}},"loc":{"start":{"line":75,"column":31},"end":{"line":77,"column":9}},"line":75}},"branchMap":{"0":{"loc":{"start":{"line":34,"column":17},"end":{"line":34,"column":34}},"type":"default-arg","locations":[{"start":{"line":34,"column":32},"end":{"line":34,"column":34}}],"line":34},"1":{"loc":{"start":{"line":67,"column":15},"end":{"line":67,"column":60}},"type":"cond-expr","locations":[{"start":{"line":67,"column":39},"end":{"line":67,"column":48}},{"start":{"line":67,"column":51},"end":{"line":67,"column":60}}],"line":67},"2":{"loc":{"start":{"line":67,"column":15},"end":{"line":67,"column":36}},"type":"binary-expr","locations":[{"start":{"line":67,"column":15},"end":{"line":67,"column":23}},{"start":{"line":67,"column":27},"end":{"line":67,"column":36}}],"line":67}},"s":{"0":1,"1":2,"2":2,"3":2,"4":2,"5":2,"6":2,"7":1,"8":0,"9":2,"10":0,"11":2,"12":0,"13":0,"14":2,"15":2,"16":2,"17":0},"f":{"0":2,"1":1,"2":0,"3":0,"4":0,"5":2,"6":0},"b":{"0":[2],"1":[0,2],"2":[2,2]},"_coverageSchema":"1a1c01bbd47fc00a2c39e90264f33305004495a9","hash":"391ce72dfc1647140b3e5064abc0f90935f9fbf3"}
,"/home/william/Documents/workspace/bootcamp-rocket-seat/projeto-go-barber-mobile/src/hooks/auth.tsx": {"path":"/home/william/Documents/workspace/bootcamp-rocket-seat/projeto-go-barber-mobile/src/hooks/auth.tsx","statementMap":{"0":{"start":{"line":37,"column":20},"end":{"line":37,"column":56}},"1":{"start":{"line":39,"column":31},"end":{"line":101,"column":1}},"2":{"start":{"line":40,"column":26},"end":{"line":40,"column":74}},"3":{"start":{"line":41,"column":32},"end":{"line":41,"column":46}},"4":{"start":{"line":43,"column":2},"end":{"line":59,"column":9}},"5":{"start":{"line":45,"column":28},"end":{"line":48,"column":8}},"6":{"start":{"line":50,"column":6},"end":{"line":54,"column":7}},"7":{"start":{"line":51,"column":8},"end":{"line":51,"column":66}},"8":{"start":{"line":53,"column":8},"end":{"line":53,"column":64}},"9":{"start":{"line":55,"column":6},"end":{"line":55,"column":24}},"10":{"start":{"line":58,"column":4},"end":{"line":58,"column":23}},"11":{"start":{"line":61,"column":17},"end":{"line":78,"column":8}},"12":{"start":{"line":64,"column":21},"end":{"line":67,"column":6}},"13":{"start":{"line":68,"column":28},"end":{"line":68,"column":41}},"14":{"start":{"line":70,"column":4},"end":{"line":70,"column":59}},"15":{"start":{"line":72,"column":4},"end":{"line":75,"column":7}},"16":{"start":{"line":77,"column":4},"end":{"line":77,"column":29}},"17":{"start":{"line":80,"column":18},"end":{"line":84,"column":8}},"18":{"start":{"line":81,"column":4},"end":{"line":81,"column":74}},"19":{"start":{"line":83,"column":4},"end":{"line":83,"column":35}},"20":{"start":{"line":86,"column":21},"end":{"line":92,"column":3}},"21":{"start":{"line":88,"column":6},"end":{"line":88,"column":73}},"22":{"start":{"line":89,"column":6},"end":{"line":89,"column":43}},"23":{"start":{"line":94,"column":2},"end":{"line":100,"column":4}},"24":{"start":{"line":103,"column":16},"end":{"line":111,"column":1}},"25":{"start":{"line":104,"column":18},"end":{"line":104,"column":41}},"26":{"start":{"line":106,"column":2},"end":{"line":108,"column":3}},"27":{"start":{"line":107,"column":4},"end":{"line":107,"column":65}},"28":{"start":{"line":110,"column":2},"end":{"line":110,"column":17}}},"fnMap":{"0":{"name":"(anonymous_0)","decl":{"start":{"line":39,"column":31},"end":{"line":39,"column":32}},"loc":{"start":{"line":39,"column":49},"end":{"line":101,"column":1}},"line":39},"1":{"name":"(anonymous_1)","decl":{"start":{"line":43,"column":12},"end":{"line":43,"column":13}},"loc":{"start":{"line":43,"column":18},"end":{"line":59,"column":3}},"line":43},"2":{"name":"loadStoragedData","decl":{"start":{"line":44,"column":19},"end":{"line":44,"column":35}},"loc":{"start":{"line":44,"column":53},"end":{"line":56,"column":5}},"line":44},"3":{"name":"(anonymous_3)","decl":{"start":{"line":61,"column":29},"end":{"line":61,"column":30}},"loc":{"start":{"line":63,"column":7},"end":{"line":78,"column":3}},"line":63},"4":{"name":"(anonymous_4)","decl":{"start":{"line":80,"column":30},"end":{"line":80,"column":31}},"loc":{"start":{"line":80,"column":42},"end":{"line":84,"column":3}},"line":80},"5":{"name":"(anonymous_5)","decl":{"start":{"line":87,"column":4},"end":{"line":87,"column":5}},"loc":{"start":{"line":87,"column":26},"end":{"line":90,"column":5}},"line":87},"6":{"name":"(anonymous_6)","decl":{"start":{"line":103,"column":16},"end":{"line":103,"column":17}},"loc":{"start":{"line":103,"column":39},"end":{"line":111,"column":1}},"line":103}},"branchMap":{"0":{"loc":{"start":{"line":50,"column":6},"end":{"line":54,"column":7}},"type":"if","locations":[{"start":{"line":50,"column":6},"end":{"line":54,"column":7}},{"start":{"line":50,"column":6},"end":{"line":54,"column":7}}],"line":50},"1":{"loc":{"start":{"line":50,"column":10},"end":{"line":50,"column":29}},"type":"binary-expr","locations":[{"start":{"line":50,"column":10},"end":{"line":50,"column":18}},{"start":{"line":50,"column":22},"end":{"line":50,"column":29}}],"line":50},"2":{"loc":{"start":{"line":106,"column":2},"end":{"line":108,"column":3}},"type":"if","locations":[{"start":{"line":106,"column":2},"end":{"line":108,"column":3}},{"start":{"line":106,"column":2},"end":{"line":108,"column":3}}],"line":106}},"s":{"0":0,"1":0,"2":0,"3":0,"4":0,"5":0,"6":0,"7":0,"8":0,"9":0,"10":0,"11":0,"12":0,"13":0,"14":0,"15":0,"16":0,"17":0,"18":0,"19":0,"20":0,"21":0,"22":0,"23":0,"24":0,"25":0,"26":0,"27":0,"28":0},"f":{"0":0,"1":0,"2":0,"3":0,"4":0,"5":0,"6":0},"b":{"0":[0,0],"1":[0,0],"2":[0,0]}}
,"/home/william/Documents/workspace/bootcamp-rocket-seat/projeto-go-barber-mobile/src/pages/AppointmentCreated/index.tsx": {"path":"/home/william/Documents/workspace/bootcamp-rocket-seat/projeto-go-barber-mobile/src/pages/AppointmentCreated/index.tsx","statementMap":{"0":{"start":{"line":19,"column":37},"end":{"line":50,"column":1}},"1":{"start":{"line":20,"column":20},"end":{"line":20,"column":35}},"2":{"start":{"line":21,"column":21},"end":{"line":21,"column":31}},"3":{"start":{"line":23,"column":19},"end":{"line":23,"column":40}},"4":{"start":{"line":25,"column":26},"end":{"line":30,"column":13}},"5":{"start":{"line":26,"column":4},"end":{"line":29,"column":7}},"6":{"start":{"line":32,"column":24},"end":{"line":38,"column":3}},"7":{"start":{"line":34,"column":6},"end":{"line":36,"column":8}},"8":{"start":{"line":40,"column":2},"end":{"line":49,"column":4}}},"fnMap":{"0":{"name":"(anonymous_0)","decl":{"start":{"line":19,"column":37},"end":{"line":19,"column":38}},"loc":{"start":{"line":19,"column":43},"end":{"line":50,"column":1}},"line":19},"1":{"name":"(anonymous_1)","decl":{"start":{"line":25,"column":38},"end":{"line":25,"column":39}},"loc":{"start":{"line":25,"column":44},"end":{"line":30,"column":3}},"line":25},"2":{"name":"(anonymous_2)","decl":{"start":{"line":33,"column":4},"end":{"line":33,"column":5}},"loc":{"start":{"line":34,"column":6},"end":{"line":36,"column":8}},"line":34}},"branchMap":{},"s":{"0":0,"1":0,"2":0,"3":0,"4":0,"5":0,"6":0,"7":0,"8":0},"f":{"0":0,"1":0,"2":0},"b":{}}
,"/home/william/Documents/workspace/bootcamp-rocket-seat/projeto-go-barber-mobile/src/pages/CreateAppointment/index.tsx": {"path":"/home/william/Documents/workspace/bootcamp-rocket-seat/projeto-go-barber-mobile/src/pages/CreateAppointment/index.tsx","statementMap":{"0":{"start":{"line":51,"column":36},"end":{"line":250,"column":1}},"1":{"start":{"line":52,"column":19},"end":{"line":52,"column":28}},"2":{"start":{"line":53,"column":16},"end":{"line":53,"column":26}},"3":{"start":{"line":54,"column":31},"end":{"line":54,"column":46}},"4":{"start":{"line":55,"column":17},"end":{"line":55,"column":44}},"5":{"start":{"line":56,"column":36},"end":{"line":56,"column":60}},"6":{"start":{"line":57,"column":48},"end":{"line":57,"column":79}},"7":{"start":{"line":58,"column":46},"end":{"line":58,"column":61}},"8":{"start":{"line":59,"column":42},"end":{"line":59,"column":53}},"9":{"start":{"line":60,"column":42},"end":{"line":60,"column":62}},"10":{"start":{"line":61,"column":50},"end":{"line":61,"column":77}},"11":{"start":{"line":63,"column":2},"end":{"line":65,"column":21}},"12":{"start":{"line":64,"column":4},"end":{"line":64,"column":71}},"13":{"start":{"line":64,"column":42},"end":{"line":64,"column":69}},"14":{"start":{"line":67,"column":2},"end":{"line":77,"column":39}},"15":{"start":{"line":68,"column":4},"end":{"line":76,"column":59}},"16":{"start":{"line":76,"column":24},"end":{"line":76,"column":57}},"17":{"start":{"line":79,"column":33},"end":{"line":81,"column":14}},"18":{"start":{"line":80,"column":4},"end":{"line":80,"column":13}},"19":{"start":{"line":83,"column":29},"end":{"line":85,"column":8}},"20":{"start":{"line":84,"column":4},"end":{"line":84,"column":36}},"21":{"start":{"line":87,"column":31},"end":{"line":89,"column":8}},"22":{"start":{"line":88,"column":4},"end":{"line":88,"column":28}},"23":{"start":{"line":91,"column":27},"end":{"line":98,"column":8}},"24":{"start":{"line":92,"column":4},"end":{"line":94,"column":5}},"25":{"start":{"line":93,"column":6},"end":{"line":93,"column":31}},"26":{"start":{"line":95,"column":4},"end":{"line":97,"column":5}},"27":{"start":{"line":96,"column":6},"end":{"line":96,"column":28}},"28":{"start":{"line":100,"column":27},"end":{"line":102,"column":8}},"29":{"start":{"line":101,"column":4},"end":{"line":101,"column":26}},"30":{"start":{"line":104,"column":34},"end":{"line":123,"column":62}},"31":{"start":{"line":105,"column":4},"end":{"line":122,"column":5}},"32":{"start":{"line":106,"column":19},"end":{"line":106,"column":41}},"33":{"start":{"line":108,"column":6},"end":{"line":108,"column":34}},"34":{"start":{"line":109,"column":6},"end":{"line":109,"column":25}},"35":{"start":{"line":111,"column":6},"end":{"line":114,"column":9}},"36":{"start":{"line":116,"column":6},"end":{"line":116,"column":63}},"37":{"start":{"line":118,"column":6},"end":{"line":121,"column":8}},"38":{"start":{"line":125,"column":30},"end":{"line":135,"column":23}},"39":{"start":{"line":126,"column":4},"end":{"line":134,"column":9}},"40":{"start":{"line":127,"column":28},"end":{"line":127,"column":37}},"41":{"start":{"line":129,"column":8},"end":{"line":133,"column":10}},"42":{"start":{"line":137,"column":32},"end":{"line":147,"column":23}},"43":{"start":{"line":138,"column":4},"end":{"line":146,"column":9}},"44":{"start":{"line":139,"column":28},"end":{"line":139,"column":38}},"45":{"start":{"line":141,"column":8},"end":{"line":145,"column":10}},"46":{"start":{"line":149,"column":2},"end":{"line":249,"column":4}},"47":{"start":{"line":165,"column":38},"end":{"line":165,"column":49}},"48":{"start":{"line":167,"column":14},"end":{"line":175,"column":34}},"49":{"start":{"line":169,"column":31},"end":{"line":169,"column":62}},"50":{"start":{"line":207,"column":18},"end":{"line":217,"column":25}},"51":{"start":{"line":212,"column":35},"end":{"line":212,"column":57}},"52":{"start":{"line":228,"column":18},"end":{"line":238,"column":25}},"53":{"start":{"line":233,"column":35},"end":{"line":233,"column":57}}},"fnMap":{"0":{"name":"(anonymous_0)","decl":{"start":{"line":51,"column":36},"end":{"line":51,"column":37}},"loc":{"start":{"line":51,"column":42},"end":{"line":250,"column":1}},"line":51},"1":{"name":"(anonymous_1)","decl":{"start":{"line":63,"column":12},"end":{"line":63,"column":13}},"loc":{"start":{"line":63,"column":18},"end":{"line":65,"column":3}},"line":63},"2":{"name":"(anonymous_2)","decl":{"start":{"line":64,"column":30},"end":{"line":64,"column":31}},"loc":{"start":{"line":64,"column":42},"end":{"line":64,"column":69}},"line":64},"3":{"name":"(anonymous_3)","decl":{"start":{"line":67,"column":12},"end":{"line":67,"column":13}},"loc":{"start":{"line":67,"column":18},"end":{"line":77,"column":3}},"line":67},"4":{"name":"(anonymous_4)","decl":{"start":{"line":76,"column":12},"end":{"line":76,"column":13}},"loc":{"start":{"line":76,"column":24},"end":{"line":76,"column":57}},"line":76},"5":{"name":"(anonymous_5)","decl":{"start":{"line":79,"column":45},"end":{"line":79,"column":46}},"loc":{"start":{"line":79,"column":51},"end":{"line":81,"column":3}},"line":79},"6":{"name":"(anonymous_6)","decl":{"start":{"line":83,"column":41},"end":{"line":83,"column":42}},"loc":{"start":{"line":83,"column":65},"end":{"line":85,"column":3}},"line":83},"7":{"name":"(anonymous_7)","decl":{"start":{"line":87,"column":43},"end":{"line":87,"column":44}},"loc":{"start":{"line":87,"column":49},"end":{"line":89,"column":3}},"line":87},"8":{"name":"(anonymous_8)","decl":{"start":{"line":91,"column":39},"end":{"line":91,"column":40}},"loc":{"start":{"line":91,"column":79},"end":{"line":98,"column":3}},"line":91},"9":{"name":"(anonymous_9)","decl":{"start":{"line":100,"column":39},"end":{"line":100,"column":40}},"loc":{"start":{"line":100,"column":47},"end":{"line":102,"column":3}},"line":100},"10":{"name":"(anonymous_10)","decl":{"start":{"line":104,"column":46},"end":{"line":104,"column":47}},"loc":{"start":{"line":104,"column":52},"end":{"line":123,"column":3}},"line":104},"11":{"name":"(anonymous_11)","decl":{"start":{"line":125,"column":38},"end":{"line":125,"column":39}},"loc":{"start":{"line":125,"column":44},"end":{"line":135,"column":3}},"line":125},"12":{"name":"(anonymous_12)","decl":{"start":{"line":127,"column":14},"end":{"line":127,"column":15}},"loc":{"start":{"line":127,"column":28},"end":{"line":127,"column":37}},"line":127},"13":{"name":"(anonymous_13)","decl":{"start":{"line":128,"column":11},"end":{"line":128,"column":12}},"loc":{"start":{"line":128,"column":39},"end":{"line":134,"column":7}},"line":128},"14":{"name":"(anonymous_14)","decl":{"start":{"line":137,"column":40},"end":{"line":137,"column":41}},"loc":{"start":{"line":137,"column":46},"end":{"line":147,"column":3}},"line":137},"15":{"name":"(anonymous_15)","decl":{"start":{"line":139,"column":14},"end":{"line":139,"column":15}},"loc":{"start":{"line":139,"column":28},"end":{"line":139,"column":38}},"line":139},"16":{"name":"(anonymous_16)","decl":{"start":{"line":140,"column":11},"end":{"line":140,"column":12}},"loc":{"start":{"line":140,"column":39},"end":{"line":146,"column":7}},"line":140},"17":{"name":"(anonymous_17)","decl":{"start":{"line":165,"column":26},"end":{"line":165,"column":27}},"loc":{"start":{"line":165,"column":38},"end":{"line":165,"column":49}},"line":165},"18":{"name":"(anonymous_18)","decl":{"start":{"line":166,"column":24},"end":{"line":166,"column":25}},"loc":{"start":{"line":167,"column":14},"end":{"line":175,"column":34}},"line":167},"19":{"name":"(anonymous_19)","decl":{"start":{"line":169,"column":25},"end":{"line":169,"column":26}},"loc":{"start":{"line":169,"column":31},"end":{"line":169,"column":62}},"line":169},"20":{"name":"(anonymous_20)","decl":{"start":{"line":206,"column":16},"end":{"line":206,"column":17}},"loc":{"start":{"line":207,"column":18},"end":{"line":217,"column":25}},"line":207},"21":{"name":"(anonymous_21)","decl":{"start":{"line":212,"column":29},"end":{"line":212,"column":30}},"loc":{"start":{"line":212,"column":35},"end":{"line":212,"column":57}},"line":212},"22":{"name":"(anonymous_22)","decl":{"start":{"line":227,"column":16},"end":{"line":227,"column":17}},"loc":{"start":{"line":228,"column":18},"end":{"line":238,"column":25}},"line":228},"23":{"name":"(anonymous_23)","decl":{"start":{"line":233,"column":29},"end":{"line":233,"column":30}},"loc":{"start":{"line":233,"column":35},"end":{"line":233,"column":57}},"line":233}},"branchMap":{"0":{"loc":{"start":{"line":92,"column":4},"end":{"line":94,"column":5}},"type":"if","locations":[{"start":{"line":92,"column":4},"end":{"line":94,"column":5}},{"start":{"line":92,"column":4},"end":{"line":94,"column":5}}],"line":92},"1":{"loc":{"start":{"line":95,"column":4},"end":{"line":97,"column":5}},"type":"if","locations":[{"start":{"line":95,"column":4},"end":{"line":97,"column":5}},{"start":{"line":95,"column":4},"end":{"line":97,"column":5}}],"line":95},"2":{"loc":{"start":{"line":189,"column":11},"end":{"line":196,"column":11}},"type":"binary-expr","locations":[{"start":{"line":189,"column":11},"end":{"line":189,"column":25}},{"start":{"line":190,"column":12},"end":{"line":195,"column":14}}],"line":189},"3":{"loc":{"start":{"line":211,"column":30},"end":{"line":211,"column":67}},"type":"binary-expr","locations":[{"start":{"line":211,"column":30},"end":{"line":211,"column":51}},{"start":{"line":211,"column":55},"end":{"line":211,"column":67}}],"line":211},"4":{"loc":{"start":{"line":214,"column":40},"end":{"line":214,"column":77}},"type":"binary-expr","locations":[{"start":{"line":214,"column":40},"end":{"line":214,"column":61}},{"start":{"line":214,"column":65},"end":{"line":214,"column":77}}],"line":214},"5":{"loc":{"start":{"line":232,"column":30},"end":{"line":232,"column":67}},"type":"binary-expr","locations":[{"start":{"line":232,"column":30},"end":{"line":232,"column":51}},{"start":{"line":232,"column":55},"end":{"line":232,"column":67}}],"line":232},"6":{"loc":{"start":{"line":235,"column":40},"end":{"line":235,"column":77}},"type":"binary-expr","locations":[{"start":{"line":235,"column":40},"end":{"line":235,"column":61}},{"start":{"line":235,"column":65},"end":{"line":235,"column":77}}],"line":235}},"s":{"0":0,"1":0,"2":0,"3":0,"4":0,"5":0,"6":0,"7":0,"8":0,"9":0,"10":0,"11":0,"12":0,"13":0,"14":0,"15":0,"16":0,"17":0,"18":0,"19":0,"20":0,"21":0,"22":0,"23":0,"24":0,"25":0,"26":0,"27":0,"28":0,"29":0,"30":0,"31":0,"32":0,"33":0,"34":0,"35":0,"36":0,"37":0,"38":0,"39":0,"40":0,"41":0,"42":0,"43":0,"44":0,"45":0,"46":0,"47":0,"48":0,"49":0,"50":0,"51":0,"52":0,"53":0},"f":{"0":0,"1":0,"2":0,"3":0,"4":0,"5":0,"6":0,"7":0,"8":0,"9":0,"10":0,"11":0,"12":0,"13":0,"14":0,"15":0,"16":0,"17":0,"18":0,"19":0,"20":0,"21":0,"22":0,"23":0},"b":{"0":[0,0],"1":[0,0],"2":[0,0],"3":[0,0],"4":[0,0],"5":[0,0],"6":[0,0]}}
,"/home/william/Documents/workspace/bootcamp-rocket-seat/projeto-go-barber-mobile/src/pages/Dashboard/index.tsx": {"path":"/home/william/Documents/workspace/bootcamp-rocket-seat/projeto-go-barber-mobile/src/pages/Dashboard/index.tsx","statementMap":{"0":{"start":{"line":30,"column":28},"end":{"line":92,"column":1}},"1":{"start":{"line":31,"column":19},"end":{"line":31,"column":28}},"2":{"start":{"line":32,"column":36},"end":{"line":32,"column":60}},"3":{"start":{"line":33,"column":23},"end":{"line":33,"column":38}},"4":{"start":{"line":35,"column":2},"end":{"line":37,"column":21}},"5":{"start":{"line":36,"column":4},"end":{"line":36,"column":71}},"6":{"start":{"line":36,"column":42},"end":{"line":36,"column":69}},"7":{"start":{"line":39,"column":28},"end":{"line":41,"column":16}},"8":{"start":{"line":40,"column":4},"end":{"line":40,"column":24}},"9":{"start":{"line":43,"column":38},"end":{"line":48,"column":3}},"10":{"start":{"line":45,"column":6},"end":{"line":45,"column":52}},"11":{"start":{"line":50,"column":2},"end":{"line":91,"column":4}},"12":{"start":{"line":66,"column":10},"end":{"line":66,"column":64}},"13":{"start":{"line":68,"column":30},"end":{"line":68,"column":37}},"14":{"start":{"line":70,"column":10},"end":{"line":87,"column":12}},"15":{"start":{"line":72,"column":29},"end":{"line":72,"column":65}}},"fnMap":{"0":{"name":"(anonymous_0)","decl":{"start":{"line":30,"column":28},"end":{"line":30,"column":29}},"loc":{"start":{"line":30,"column":34},"end":{"line":92,"column":1}},"line":30},"1":{"name":"(anonymous_1)","decl":{"start":{"line":35,"column":12},"end":{"line":35,"column":13}},"loc":{"start":{"line":35,"column":18},"end":{"line":37,"column":3}},"line":35},"2":{"name":"(anonymous_2)","decl":{"start":{"line":36,"column":30},"end":{"line":36,"column":31}},"loc":{"start":{"line":36,"column":42},"end":{"line":36,"column":69}},"line":36},"3":{"name":"(anonymous_3)","decl":{"start":{"line":39,"column":40},"end":{"line":39,"column":41}},"loc":{"start":{"line":39,"column":46},"end":{"line":41,"column":3}},"line":39},"4":{"name":"(anonymous_4)","decl":{"start":{"line":44,"column":4},"end":{"line":44,"column":5}},"loc":{"start":{"line":44,"column":28},"end":{"line":46,"column":5}},"line":44},"5":{"name":"(anonymous_5)","decl":{"start":{"line":65,"column":29},"end":{"line":65,"column":30}},"loc":{"start":{"line":66,"column":10},"end":{"line":66,"column":64}},"line":66},"6":{"name":"(anonymous_6)","decl":{"start":{"line":68,"column":22},"end":{"line":68,"column":23}},"loc":{"start":{"line":68,"column":30},"end":{"line":68,"column":37}},"line":68},"7":{"name":"(anonymous_7)","decl":{"start":{"line":69,"column":20},"end":{"line":69,"column":21}},"loc":{"start":{"line":69,"column":34},"end":{"line":88,"column":9}},"line":69},"8":{"name":"(anonymous_8)","decl":{"start":{"line":72,"column":23},"end":{"line":72,"column":24}},"loc":{"start":{"line":72,"column":29},"end":{"line":72,"column":65}},"line":72}},"branchMap":{},"s":{"0":0,"1":0,"2":0,"3":0,"4":0,"5":0,"6":0,"7":0,"8":0,"9":0,"10":0,"11":0,"12":0,"13":0,"14":0,"15":0},"f":{"0":0,"1":0,"2":0,"3":0,"4":0,"5":0,"6":0,"7":0,"8":0},"b":{}}
,"/home/william/Documents/workspace/bootcamp-rocket-seat/projeto-go-barber-mobile/src/pages/Profile/index.tsx": {"path":"/home/william/Documents/workspace/bootcamp-rocket-seat/projeto-go-barber-mobile/src/pages/Profile/index.tsx","statementMap":{"0":{"start":{"line":44,"column":26},"end":{"line":204,"column":1}},"1":{"start":{"line":45,"column":21},"end":{"line":45,"column":36}},"2":{"start":{"line":46,"column":31},"end":{"line":46,"column":40}},"3":{"start":{"line":47,"column":18},"end":{"line":47,"column":43}},"4":{"start":{"line":48,"column":19},"end":{"line":48,"column":42}},"5":{"start":{"line":49,"column":22},"end":{"line":49,"column":45}},"6":{"start":{"line":50,"column":25},"end":{"line":50,"column":48}},"7":{"start":{"line":51,"column":31},"end":{"line":51,"column":54}},"8":{"start":{"line":53,"column":23},"end":{"line":99,"column":3}},"9":{"start":{"line":55,"column":6},"end":{"line":96,"column":7}},"10":{"start":{"line":56,"column":8},"end":{"line":56,"column":39}},"11":{"start":{"line":57,"column":23},"end":{"line":72,"column":10}},"12":{"start":{"line":64,"column":25},"end":{"line":64,"column":32}},"13":{"start":{"line":74,"column":8},"end":{"line":76,"column":11}},"14":{"start":{"line":78,"column":25},"end":{"line":78,"column":70}},"15":{"start":{"line":80,"column":8},"end":{"line":80,"column":39}},"16":{"start":{"line":82,"column":8},"end":{"line":85,"column":10}},"17":{"start":{"line":87,"column":8},"end":{"line":87,"column":28}},"18":{"start":{"line":89,"column":8},"end":{"line":92,"column":9}},"19":{"start":{"line":90,"column":10},"end":{"line":90,"column":78}},"20":{"start":{"line":91,"column":10},"end":{"line":91,"column":17}},"21":{"start":{"line":94,"column":23},"end":{"line":94,"column":47}},"22":{"start":{"line":95,"column":8},"end":{"line":95,"column":43}},"23":{"start":{"line":101,"column":29},"end":{"line":130,"column":27}},"24":{"start":{"line":102,"column":4},"end":{"line":129,"column":6}},"25":{"start":{"line":110,"column":8},"end":{"line":110,"column":39}},"26":{"start":{"line":110,"column":32},"end":{"line":110,"column":39}},"27":{"start":{"line":112,"column":8},"end":{"line":127,"column":9}},"28":{"start":{"line":113,"column":10},"end":{"line":113,"column":56}},"29":{"start":{"line":115,"column":25},"end":{"line":115,"column":46}},"30":{"start":{"line":117,"column":23},"end":{"line":117,"column":37}},"31":{"start":{"line":118,"column":10},"end":{"line":122,"column":13}},"32":{"start":{"line":124,"column":10},"end":{"line":126,"column":13}},"33":{"start":{"line":125,"column":12},"end":{"line":125,"column":46}},"34":{"start":{"line":132,"column":2},"end":{"line":203,"column":4}},"35":{"start":{"line":136,"column":37},"end":{"line":136,"column":56}},"36":{"start":{"line":155,"column":35},"end":{"line":155,"column":60}},"37":{"start":{"line":166,"column":35},"end":{"line":166,"column":66}},"38":{"start":{"line":176,"column":35},"end":{"line":176,"column":63}},"39":{"start":{"line":185,"column":35},"end":{"line":185,"column":72}},"40":{"start":{"line":194,"column":35},"end":{"line":194,"column":64}},"41":{"start":{"line":197,"column":33},"end":{"line":197,"column":62}}},"fnMap":{"0":{"name":"(anonymous_0)","decl":{"start":{"line":44,"column":26},"end":{"line":44,"column":27}},"loc":{"start":{"line":44,"column":32},"end":{"line":204,"column":1}},"line":44},"1":{"name":"(anonymous_1)","decl":{"start":{"line":54,"column":4},"end":{"line":54,"column":5}},"loc":{"start":{"line":54,"column":50},"end":{"line":97,"column":5}},"line":54},"2":{"name":"(anonymous_2)","decl":{"start":{"line":64,"column":16},"end":{"line":64,"column":17}},"loc":{"start":{"line":64,"column":25},"end":{"line":64,"column":32}},"line":64},"3":{"name":"(anonymous_3)","decl":{"start":{"line":101,"column":41},"end":{"line":101,"column":42}},"loc":{"start":{"line":101,"column":47},"end":{"line":130,"column":3}},"line":101},"4":{"name":"(anonymous_4)","decl":{"start":{"line":109,"column":6},"end":{"line":109,"column":7}},"loc":{"start":{"line":109,"column":18},"end":{"line":128,"column":7}},"line":109},"5":{"name":"(anonymous_5)","decl":{"start":{"line":124,"column":47},"end":{"line":124,"column":48}},"loc":{"start":{"line":124,"column":62},"end":{"line":126,"column":11}},"line":124},"6":{"name":"(anonymous_6)","decl":{"start":{"line":136,"column":31},"end":{"line":136,"column":32}},"loc":{"start":{"line":136,"column":37},"end":{"line":136,"column":56}},"line":136},"7":{"name":"(anonymous_7)","decl":{"start":{"line":155,"column":29},"end":{"line":155,"column":30}},"loc":{"start":{"line":155,"column":35},"end":{"line":155,"column":60}},"line":155},"8":{"name":"(anonymous_8)","decl":{"start":{"line":166,"column":29},"end":{"line":166,"column":30}},"loc":{"start":{"line":166,"column":35},"end":{"line":166,"column":66}},"line":166},"9":{"name":"(anonymous_9)","decl":{"start":{"line":176,"column":29},"end":{"line":176,"column":30}},"loc":{"start":{"line":176,"column":35},"end":{"line":176,"column":63}},"line":176},"10":{"name":"(anonymous_10)","decl":{"start":{"line":185,"column":29},"end":{"line":185,"column":30}},"loc":{"start":{"line":185,"column":35},"end":{"line":185,"column":72}},"line":185},"11":{"name":"(anonymous_11)","decl":{"start":{"line":194,"column":29},"end":{"line":194,"column":30}},"loc":{"start":{"line":194,"column":35},"end":{"line":194,"column":64}},"line":194},"12":{"name":"(anonymous_12)","decl":{"start":{"line":197,"column":27},"end":{"line":197,"column":28}},"loc":{"start":{"line":197,"column":33},"end":{"line":197,"column":62}},"line":197}},"branchMap":{"0":{"loc":{"start":{"line":89,"column":8},"end":{"line":92,"column":9}},"type":"if","locations":[{"start":{"line":89,"column":8},"end":{"line":92,"column":9}},{"start":{"line":89,"column":8},"end":{"line":92,"column":9}}],"line":89},"1":{"loc":{"start":{"line":110,"column":8},"end":{"line":110,"column":39}},"type":"if","locations":[{"start":{"line":110,"column":8},"end":{"line":110,"column":39}},{"start":{"line":110,"column":8},"end":{"line":110,"column":39}}],"line":110},"2":{"loc":{"start":{"line":112,"column":8},"end":{"line":127,"column":9}},"type":"if","locations":[{"start":{"line":112,"column":8},"end":{"line":127,"column":9}},{"start":{"line":112,"column":8},"end":{"line":127,"column":9}}],"line":112}},"s":{"0":0,"1":0,"2":0,"3":0,"4":0,"5":0,"6":0,"7":0,"8":0,"9":0,"10":0,"11":0,"12":0,"13":0,"14":0,"15":0,"16":0,"17":0,"18":0,"19":0,"20":0,"21":0,"22":0,"23":0,"24":0,"25":0,"26":0,"27":0,"28":0,"29":0,"30":0,"31":0,"32":0,"33":0,"34":0,"35":0,"36":0,"37":0,"38":0,"39":0,"40":0,"41":0},"f":{"0":0,"1":0,"2":0,"3":0,"4":0,"5":0,"6":0,"7":0,"8":0,"9":0,"10":0,"11":0,"12":0},"b":{"0":[0,0],"1":[0,0],"2":[0,0]}}
,"/home/william/Documents/workspace/bootcamp-rocket-seat/projeto-go-barber-mobile/src/pages/SignIn/index.tsx": {"path":"/home/william/Documents/workspace/bootcamp-rocket-seat/projeto-go-barber-mobile/src/pages/SignIn/index.tsx","statementMap":{"0":{"start":{"line":32,"column":25},"end":{"line":113,"column":1}},"1":{"start":{"line":33,"column":21},"end":{"line":33,"column":30}},"2":{"start":{"line":34,"column":21},"end":{"line":34,"column":36}},"3":{"start":{"line":35,"column":18},"end":{"line":35,"column":43}},"4":{"start":{"line":36,"column":22},"end":{"line":36,"column":45}},"5":{"start":{"line":38,"column":23},"end":{"line":64,"column":3}},"6":{"start":{"line":40,"column":6},"end":{"line":61,"column":7}},"7":{"start":{"line":41,"column":8},"end":{"line":41,"column":39}},"8":{"start":{"line":42,"column":23},"end":{"line":47,"column":10}},"9":{"start":{"line":49,"column":8},"end":{"line":51,"column":11}},"10":{"start":{"line":53,"column":8},"end":{"line":53,"column":69}},"11":{"start":{"line":55,"column":8},"end":{"line":58,"column":9}},"12":{"start":{"line":56,"column":10},"end":{"line":56,"column":78}},"13":{"start":{"line":57,"column":10},"end":{"line":57,"column":17}},"14":{"start":{"line":59,"column":23},"end":{"line":59,"column":47}},"15":{"start":{"line":60,"column":8},"end":{"line":60,"column":43}},"16":{"start":{"line":66,"column":2},"end":{"line":112,"column":4}},"17":{"start":{"line":84,"column":37},"end":{"line":84,"column":65}},"18":{"start":{"line":95,"column":37},"end":{"line":95,"column":66}},"19":{"start":{"line":97,"column":35},"end":{"line":97,"column":64}},"20":{"start":{"line":107,"column":36},"end":{"line":107,"column":65}}},"fnMap":{"0":{"name":"(anonymous_0)","decl":{"start":{"line":32,"column":25},"end":{"line":32,"column":26}},"loc":{"start":{"line":32,"column":31},"end":{"line":113,"column":1}},"line":32},"1":{"name":"(anonymous_1)","decl":{"start":{"line":39,"column":4},"end":{"line":39,"column":5}},"loc":{"start":{"line":39,"column":45},"end":{"line":62,"column":5}},"line":39},"2":{"name":"(anonymous_2)","decl":{"start":{"line":84,"column":31},"end":{"line":84,"column":32}},"loc":{"start":{"line":84,"column":37},"end":{"line":84,"column":65}},"line":84},"3":{"name":"(anonymous_3)","decl":{"start":{"line":95,"column":31},"end":{"line":95,"column":32}},"loc":{"start":{"line":95,"column":37},"end":{"line":95,"column":66}},"line":95},"4":{"name":"(anonymous_4)","decl":{"start":{"line":97,"column":29},"end":{"line":97,"column":30}},"loc":{"start":{"line":97,"column":35},"end":{"line":97,"column":64}},"line":97},"5":{"name":"(anonymous_5)","decl":{"start":{"line":107,"column":30},"end":{"line":107,"column":31}},"loc":{"start":{"line":107,"column":36},"end":{"line":107,"column":65}},"line":107}},"branchMap":{"0":{"loc":{"start":{"line":55,"column":8},"end":{"line":58,"column":9}},"type":"if","locations":[{"start":{"line":55,"column":8},"end":{"line":58,"column":9}},{"start":{"line":55,"column":8},"end":{"line":58,"column":9}}],"line":55}},"s":{"0":1,"1":1,"2":1,"3":1,"4":1,"5":1,"6":0,"7":0,"8":0,"9":0,"10":0,"11":0,"12":0,"13":0,"14":0,"15":0,"16":1,"17":0,"18":0,"19":0,"20":0},"f":{"0":1,"1":0,"2":0,"3":0,"4":0,"5":0},"b":{"0":[0,0]},"_coverageSchema":"1a1c01bbd47fc00a2c39e90264f33305004495a9","hash":"2bc81daeb17595eb251408f83caec0b7b768acc9"}
,"/home/william/Documents/workspace/bootcamp-rocket-seat/projeto-go-barber-mobile/src/pages/SignUp/index.tsx": {"path":"/home/william/Documents/workspace/bootcamp-rocket-seat/projeto-go-barber-mobile/src/pages/SignUp/index.tsx","statementMap":{"0":{"start":{"line":20,"column":25},"end":{"line":123,"column":1}},"1":{"start":{"line":21,"column":21},"end":{"line":21,"column":36}},"2":{"start":{"line":22,"column":18},"end":{"line":22,"column":43}},"3":{"start":{"line":23,"column":19},"end":{"line":23,"column":42}},"4":{"start":{"line":24,"column":22},"end":{"line":24,"column":45}},"5":{"start":{"line":32,"column":23},"end":{"line":69,"column":8}},"6":{"start":{"line":35,"column":4},"end":{"line":68,"column":5}},"7":{"start":{"line":36,"column":6},"end":{"line":36,"column":37}},"8":{"start":{"line":37,"column":21},"end":{"line":46,"column":8}},"9":{"start":{"line":48,"column":6},"end":{"line":50,"column":9}},"10":{"start":{"line":52,"column":6},"end":{"line":52,"column":37}},"11":{"start":{"line":54,"column":6},"end":{"line":57,"column":8}},"12":{"start":{"line":59,"column":6},"end":{"line":59,"column":26}},"13":{"start":{"line":61,"column":6},"end":{"line":64,"column":7}},"14":{"start":{"line":62,"column":8},"end":{"line":62,"column":76}},"15":{"start":{"line":63,"column":8},"end":{"line":63,"column":15}},"16":{"start":{"line":66,"column":21},"end":{"line":66,"column":45}},"17":{"start":{"line":67,"column":6},"end":{"line":67,"column":41}},"18":{"start":{"line":71,"column":2},"end":{"line":122,"column":4}},"19":{"start":{"line":88,"column":37},"end":{"line":88,"column":62}},"20":{"start":{"line":99,"column":37},"end":{"line":99,"column":65}},"21":{"start":{"line":108,"column":37},"end":{"line":108,"column":66}},"22":{"start":{"line":111,"column":35},"end":{"line":111,"column":64}},"23":{"start":{"line":117,"column":34},"end":{"line":117,"column":53}}},"fnMap":{"0":{"name":"(anonymous_0)","decl":{"start":{"line":20,"column":25},"end":{"line":20,"column":26}},"loc":{"start":{"line":20,"column":31},"end":{"line":123,"column":1}},"line":20},"1":{"name":"(anonymous_1)","decl":{"start":{"line":32,"column":35},"end":{"line":32,"column":36}},"loc":{"start":{"line":34,"column":7},"end":{"line":69,"column":3}},"line":34},"2":{"name":"(anonymous_2)","decl":{"start":{"line":88,"column":31},"end":{"line":88,"column":32}},"loc":{"start":{"line":88,"column":37},"end":{"line":88,"column":62}},"line":88},"3":{"name":"(anonymous_3)","decl":{"start":{"line":99,"column":31},"end":{"line":99,"column":32}},"loc":{"start":{"line":99,"column":37},"end":{"line":99,"column":65}},"line":99},"4":{"name":"(anonymous_4)","decl":{"start":{"line":108,"column":31},"end":{"line":108,"column":32}},"loc":{"start":{"line":108,"column":37},"end":{"line":108,"column":66}},"line":108},"5":{"name":"(anonymous_5)","decl":{"start":{"line":111,"column":29},"end":{"line":111,"column":30}},"loc":{"start":{"line":111,"column":35},"end":{"line":111,"column":64}},"line":111},"6":{"name":"(anonymous_6)","decl":{"start":{"line":117,"column":28},"end":{"line":117,"column":29}},"loc":{"start":{"line":117,"column":34},"end":{"line":117,"column":53}},"line":117}},"branchMap":{"0":{"loc":{"start":{"line":61,"column":6},"end":{"line":64,"column":7}},"type":"if","locations":[{"start":{"line":61,"column":6},"end":{"line":64,"column":7}},{"start":{"line":61,"column":6},"end":{"line":64,"column":7}}],"line":61}},"s":{"0":0,"1":0,"2":0,"3":0,"4":0,"5":0,"6":0,"7":0,"8":0,"9":0,"10":0,"11":0,"12":0,"13":0,"14":0,"15":0,"16":0,"17":0,"18":0,"19":0,"20":0,"21":0,"22":0,"23":0},"f":{"0":0,"1":0,"2":0,"3":0,"4":0,"5":0,"6":0},"b":{"0":[0,0]}}
}
